<?xml version="1.0" encoding="UTF-8"?>
<!-- Generated by org.testng.reporters.JUnitXMLReporter -->
<testsuite ignored="1" hostname="DESKTOP-0MGR9KI" failures="0" tests="3" name="com.nexsoft.cicool" time="11.12" errors="0" timestamp="2022-06-15T18:37:33 ICT">
  <testcase classname="com.nexsoft.cicool.TestLoginUser" name="testLogin_usernameValid_passwordValid" time="3.074"/>
  <testcase classname="com.nexsoft.cicool.TestLoginUser" name="testLogin_usernameValid_passwordNotValid" time="1.778"/>
  <testcase classname="com.nexsoft.cicool.TestLoginUser" name="testLogin_usernameNotValid_passwordNotValid" time="1.327"/>
  <testcase classname="com.nexsoft.cicool.TestLoginUser" name="testLogin" time="0.0">
    <ignored/>
  </testcase> <!-- testLogin -->
</testsuite> <!-- com.nexsoft.cicool -->
