<?xml version="1.0" encoding="UTF-8"?>
<!-- Generated by org.testng.reporters.JUnitXMLReporter -->
<testsuite ignored="0" hostname="DESKTOP-0MGR9KI" failures="0" tests="5" name="User Authentication" time="21.985" errors="0" timestamp="2022-06-21T08:55:34 ICT">
  <testcase classname="com.nexsoft.cicool.TestLoginUser" name="testLogin_usernameValid_passwordValid" time="3.491"/>
  <testcase classname="com.nexsoft.cicool.TestLoginUser" name="testLogin_usernameValid_passwordNotValid" time="3.128"/>
  <testcase classname="com.nexsoft.cicool.TestLoginUser" name="testLogin_usernameNotValid_passwordNotValid" time="2.385"/>
  <testcase classname="com.nexsoft.cicool.TestLoginUser" name="testLogin_usernameEmpty_passwordEmpty" time="2.299"/>
  <testcase classname="com.nexsoft.cicool.TestLoginUser" name="testforgotPassword" time="1.813"/>
</testsuite> <!-- User Authentication -->
